25-Apr-2024 15:12:49.508 정보 [main] org.apache.catalina.startup.VersionLoggerListener.log 서버 버전 이름:    Apache Tomcat/8.5.99
25-Apr-2024 15:12:49.512 정보 [main] org.apache.catalina.startup.VersionLoggerListener.log Server 빌드 시각:  Feb 14 2024 22:52:13 UTC
25-Apr-2024 15:12:49.512 정보 [main] org.apache.catalina.startup.VersionLoggerListener.log Server 버전 번호:  8.5.99.0
25-Apr-2024 15:12:49.512 정보 [main] org.apache.catalina.startup.VersionLoggerListener.log 운영체제 이름:     Windows 10
25-Apr-2024 15:12:49.512 정보 [main] org.apache.catalina.startup.VersionLoggerListener.log 운영체제 버전:     10.0
25-Apr-2024 15:12:49.512 정보 [main] org.apache.catalina.startup.VersionLoggerListener.log 아키텍처:          amd64
25-Apr-2024 15:12:49.513 정보 [main] org.apache.catalina.startup.VersionLoggerListener.log 자바 홈:           C:\Program Files\Java\jdk1.8.0_202\jre
25-Apr-2024 15:12:49.513 정보 [main] org.apache.catalina.startup.VersionLoggerListener.log JVM 버전:          1.8.0_202-b08
25-Apr-2024 15:12:49.513 정보 [main] org.apache.catalina.startup.VersionLoggerListener.log JVM 벤더:          Oracle Corporation
25-Apr-2024 15:12:49.513 정보 [main] org.apache.catalina.startup.VersionLoggerListener.log CATALINA_BASE:     E:\workspace\jsp_projects\JSP_Board
25-Apr-2024 15:12:49.513 정보 [main] org.apache.catalina.startup.VersionLoggerListener.log CATALINA_HOME:     E:\workspace\apache-tomcat-8.5.99\apache-tomcat-8.5.99
25-Apr-2024 15:12:49.513 정보 [main] org.apache.catalina.startup.VersionLoggerListener.log 명령 행 아규먼트:  -Dvisualvm.id=277904025222999
25-Apr-2024 15:12:49.513 정보 [main] org.apache.catalina.startup.VersionLoggerListener.log 명령 행 아규먼트:  -Dcatalina.home=E:\workspace\apache-tomcat-8.5.99\apache-tomcat-8.5.99
25-Apr-2024 15:12:49.513 정보 [main] org.apache.catalina.startup.VersionLoggerListener.log 명령 행 아규먼트:  -Dcatalina.base=E:\workspace\jsp_projects\JSP_Board
25-Apr-2024 15:12:49.513 정보 [main] org.apache.catalina.startup.VersionLoggerListener.log 명령 행 아규먼트:  -Djava.io.tmpdir=E:\workspace\jsp_projects\JSP_Board\temp
25-Apr-2024 15:12:49.513 정보 [main] org.apache.catalina.startup.VersionLoggerListener.log 명령 행 아규먼트:  -Djava.util.logging.config.file=E:\workspace\jsp_projects\JSP_Board\conf\logging.properties
25-Apr-2024 15:12:49.513 정보 [main] org.apache.catalina.startup.VersionLoggerListener.log 명령 행 아규먼트:  -Djava.util.logging.manager=org.apache.juli.ClassLoaderLogManager
25-Apr-2024 15:12:49.514 정보 [main] org.apache.catalina.startup.VersionLoggerListener.log 명령 행 아규먼트:  -javaagent:C:\Program Files\JetBrains\IntelliJ IDEA 2023.1.4\lib\idea_rt.jar=62353:C:\Program Files\JetBrains\IntelliJ IDEA 2023.1.4\bin
25-Apr-2024 15:12:49.514 정보 [main] org.apache.catalina.startup.VersionLoggerListener.log 명령 행 아규먼트:  -Dfile.encoding=UTF-8
25-Apr-2024 15:12:49.514 정보 [main] org.apache.catalina.core.AprLifecycleListener.lifecycleEvent 프로덕션 환경들에서 최적의 성능을 제공하는, APR 기반 Apache Tomcat Native 라이브러리가, 다음 java.library.path에서 발견되지 않습니다: [C:\Program Files\Java\jdk1.8.0_202\bin;C:\WINDOWS\Sun\Java\bin;C:\WINDOWS\system32;C:\WINDOWS;E:\app\geotwo\product\11.2.0\dbhome_1\bin;C:\WINDOWS\system32;C:\WINDOWS;C:\WINDOWS\System32\Wbem;C:\WINDOWS\System32\WindowsPowerShell\v1.0\;C:\WINDOWS\System32\OpenSSH\;C:\Program Files\Bandizip\;E:\workspace\heatmap\maven\apache-maven-3.8.7\bin;C:\Program Files\Java\jdk1.8.0_202\bin;C:\Program Files\Java\jdk1.8.0_202\bin;C:\Program Files\nodejs\;C:\Program Files\dotnet\;C:\Users\geotwo\AppData\Local\Microsoft\WindowsApps;C:\Users\geotwo\AppData\Roaming\npm;;.]
25-Apr-2024 15:12:49.678 정보 [main] org.apache.coyote.AbstractProtocol.init 프로토콜 핸들러 ["http-nio-8084"]을(를) 초기화합니다.
25-Apr-2024 15:12:49.702 정보 [main] org.apache.catalina.startup.Catalina.load Initialization processed in 670 ms
25-Apr-2024 15:12:49.733 정보 [main] org.apache.catalina.core.StandardService.startInternal 서비스 [Catalina]을(를) 시작합니다.
25-Apr-2024 15:12:49.733 정보 [main] org.apache.catalina.core.StandardEngine.startInternal 서버 엔진을 시작합니다: [Apache Tomcat/8.5.99]
25-Apr-2024 15:12:49.747 정보 [localhost-startStop-1] org.apache.catalina.startup.HostConfig.deployDescriptor 배치 descriptor [E:\workspace\jsp_projects\JSP_Board\conf\Catalina\localhost\ROOT.xml]을(를) 배치합니다.
25-Apr-2024 15:12:50.063 정보 [localhost-startStop-1] org.apache.jasper.servlet.TldScanner.scanJars 적어도 하나의 JAR가 TLD들을 찾기 위해 스캔되었으나 아무 것도 찾지 못했습니다. 스캔했으나 TLD가 없는 JAR들의 전체 목록을 보시려면, 로그 레벨을 디버그 레벨로 설정하십시오. 스캔 과정에서 불필요한 JAR들을 건너뛰면, 시스템 시작 시간과 JSP 컴파일 시간을 단축시킬 수 있습니다.
25-Apr-2024 15:12:50.545 경고 [localhost-startStop-1] org.apache.catalina.util.SessionIdGeneratorBase.createSecureRandom [SHA1PRNG] 알고리즘을 사용하여, 세션 ID를 생성하기 위한 SecureRandom 객체를 생성하는데, [415] 밀리초가 소요됐습니다.
25-Apr-2024 15:12:50.558 정보 [localhost-startStop-1] org.apache.catalina.startup.HostConfig.deployDescriptor 배치 descriptor [E:\workspace\jsp_projects\JSP_Board\conf\Catalina\localhost\ROOT.xml]의 배치가 [811] 밀리초 내에 완료되었습니다.
25-Apr-2024 15:12:50.560 정보 [main] org.apache.coyote.AbstractProtocol.start 프로토콜 핸들러 ["http-nio-8084"]을(를) 시작합니다.
25-Apr-2024 15:12:50.626 정보 [main] org.apache.catalina.startup.Catalina.start Server startup in 924 ms
25-Apr-2024 15:21:52.651 정보 [Thread-2] org.apache.coyote.AbstractProtocol.pause 프로토콜 핸들러 ["http-nio-8084"]을(를) 일시 정지 중
25-Apr-2024 15:21:53.032 정보 [Thread-2] org.apache.catalina.core.StandardService.stopInternal 서비스 [Catalina]을(를) 중지시킵니다.
25-Apr-2024 15:21:53.045 정보 [Thread-2] org.apache.coyote.AbstractProtocol.stop 프로토콜 핸들러 ["http-nio-8084"]을(를) 중지시킵니다.
25-Apr-2024 15:21:53.069 정보 [Thread-2] org.apache.coyote.AbstractProtocol.destroy 프로토콜 핸들러 ["http-nio-8084"]을(를) 소멸시킵니다.
25-Apr-2024 15:30:51.172 정보 [main] org.apache.catalina.startup.VersionLoggerListener.log 서버 버전 이름:    Apache Tomcat/8.5.99
25-Apr-2024 15:30:51.177 정보 [main] org.apache.catalina.startup.VersionLoggerListener.log Server 빌드 시각:  Feb 14 2024 22:52:13 UTC
25-Apr-2024 15:30:51.178 정보 [main] org.apache.catalina.startup.VersionLoggerListener.log Server 버전 번호:  8.5.99.0
25-Apr-2024 15:30:51.178 정보 [main] org.apache.catalina.startup.VersionLoggerListener.log 운영체제 이름:     Windows 11
25-Apr-2024 15:30:51.178 정보 [main] org.apache.catalina.startup.VersionLoggerListener.log 운영체제 버전:     10.0
25-Apr-2024 15:30:51.178 정보 [main] org.apache.catalina.startup.VersionLoggerListener.log 아키텍처:          amd64
25-Apr-2024 15:30:51.178 정보 [main] org.apache.catalina.startup.VersionLoggerListener.log 자바 홈:           C:\Users\geotwo\.jdks\azul-11.0.23
25-Apr-2024 15:30:51.178 정보 [main] org.apache.catalina.startup.VersionLoggerListener.log JVM 버전:          11.0.23+9-LTS
25-Apr-2024 15:30:51.179 정보 [main] org.apache.catalina.startup.VersionLoggerListener.log JVM 벤더:          Azul Systems, Inc.
25-Apr-2024 15:30:51.179 정보 [main] org.apache.catalina.startup.VersionLoggerListener.log CATALINA_BASE:     E:\workspace\jsp_projects\JSP_Board
25-Apr-2024 15:30:51.179 정보 [main] org.apache.catalina.startup.VersionLoggerListener.log CATALINA_HOME:     E:\workspace\apache-tomcat-8.5.99\apache-tomcat-8.5.99
25-Apr-2024 15:30:51.180 정보 [main] org.apache.catalina.startup.VersionLoggerListener.log 명령 행 아규먼트:  --add-opens=java.base/java.lang=ALL-UNNAMED
25-Apr-2024 15:30:51.180 정보 [main] org.apache.catalina.startup.VersionLoggerListener.log 명령 행 아규먼트:  --add-opens=java.base/java.io=ALL-UNNAMED
25-Apr-2024 15:30:51.180 정보 [main] org.apache.catalina.startup.VersionLoggerListener.log 명령 행 아규먼트:  --add-opens=java.base/java.util=ALL-UNNAMED
25-Apr-2024 15:30:51.180 정보 [main] org.apache.catalina.startup.VersionLoggerListener.log 명령 행 아규먼트:  --add-opens=java.base/java.util.concurrent=ALL-UNNAMED
25-Apr-2024 15:30:51.180 정보 [main] org.apache.catalina.startup.VersionLoggerListener.log 명령 행 아규먼트:  --add-opens=java.rmi/sun.rmi.transport=ALL-UNNAMED
25-Apr-2024 15:30:51.180 정보 [main] org.apache.catalina.startup.VersionLoggerListener.log 명령 행 아규먼트:  -Dvisualvm.id=278988139232600
25-Apr-2024 15:30:51.181 정보 [main] org.apache.catalina.startup.VersionLoggerListener.log 명령 행 아규먼트:  -Dcatalina.home=E:\workspace\apache-tomcat-8.5.99\apache-tomcat-8.5.99
25-Apr-2024 15:30:51.181 정보 [main] org.apache.catalina.startup.VersionLoggerListener.log 명령 행 아규먼트:  -Dcatalina.base=E:\workspace\jsp_projects\JSP_Board
25-Apr-2024 15:30:51.181 정보 [main] org.apache.catalina.startup.VersionLoggerListener.log 명령 행 아규먼트:  -Djava.io.tmpdir=E:\workspace\jsp_projects\JSP_Board\temp
25-Apr-2024 15:30:51.181 정보 [main] org.apache.catalina.startup.VersionLoggerListener.log 명령 행 아규먼트:  -Djava.util.logging.config.file=E:\workspace\jsp_projects\JSP_Board\conf\logging.properties
25-Apr-2024 15:30:51.181 정보 [main] org.apache.catalina.startup.VersionLoggerListener.log 명령 행 아규먼트:  -Djava.util.logging.manager=org.apache.juli.ClassLoaderLogManager
25-Apr-2024 15:30:51.182 정보 [main] org.apache.catalina.startup.VersionLoggerListener.log 명령 행 아규먼트:  -javaagent:C:\Program Files\JetBrains\IntelliJ IDEA 2023.1.4\lib\idea_rt.jar=64390:C:\Program Files\JetBrains\IntelliJ IDEA 2023.1.4\bin
25-Apr-2024 15:30:51.182 정보 [main] org.apache.catalina.startup.VersionLoggerListener.log 명령 행 아규먼트:  -Dfile.encoding=UTF-8
25-Apr-2024 15:30:51.182 정보 [main] org.apache.catalina.core.AprLifecycleListener.lifecycleEvent 프로덕션 환경들에서 최적의 성능을 제공하는, APR 기반 Apache Tomcat Native 라이브러리가, 다음 java.library.path에서 발견되지 않습니다: [C:\Users\geotwo\.jdks\azul-11.0.23\bin;C:\WINDOWS\Sun\Java\bin;C:\WINDOWS\system32;C:\WINDOWS;E:\app\geotwo\product\11.2.0\dbhome_1\bin;C:\WINDOWS\system32;C:\WINDOWS;C:\WINDOWS\System32\Wbem;C:\WINDOWS\System32\WindowsPowerShell\v1.0\;C:\WINDOWS\System32\OpenSSH\;C:\Program Files\Bandizip\;E:\workspace\heatmap\maven\apache-maven-3.8.7\bin;C:\Program Files\Java\jdk1.8.0_202\bin;C:\Program Files\Java\jdk1.8.0_202\bin;C:\Program Files\nodejs\;C:\Program Files\dotnet\;C:\Users\geotwo\AppData\Local\Microsoft\WindowsApps;C:\Users\geotwo\AppData\Roaming\npm;;.]
25-Apr-2024 15:30:51.218 정보 [main] org.apache.coyote.AbstractProtocol.init 프로토콜 핸들러 ["http-nio-8084"]을(를) 초기화합니다.
25-Apr-2024 15:30:51.235 정보 [main] org.apache.catalina.startup.Catalina.load Initialization processed in 558 ms
25-Apr-2024 15:30:51.322 정보 [main] org.apache.catalina.core.StandardService.startInternal 서비스 [Catalina]을(를) 시작합니다.
25-Apr-2024 15:30:51.322 정보 [main] org.apache.catalina.core.StandardEngine.startInternal 서버 엔진을 시작합니다: [Apache Tomcat/8.5.99]
25-Apr-2024 15:30:51.341 정보 [localhost-startStop-1] org.apache.catalina.startup.HostConfig.deployDescriptor 배치 descriptor [E:\workspace\jsp_projects\JSP_Board\conf\Catalina\localhost\ROOT.xml]을(를) 배치합니다.
25-Apr-2024 15:30:52.159 경고 [localhost-startStop-1] org.apache.catalina.util.SessionIdGeneratorBase.createSecureRandom [SHA1PRNG] 알고리즘을 사용하여, 세션 ID를 생성하기 위한 SecureRandom 객체를 생성하는데, [428] 밀리초가 소요됐습니다.
25-Apr-2024 15:30:52.178 정보 [localhost-startStop-1] org.apache.catalina.startup.HostConfig.deployDescriptor 배치 descriptor [E:\workspace\jsp_projects\JSP_Board\conf\Catalina\localhost\ROOT.xml]의 배치가 [837] 밀리초 내에 완료되었습니다.
25-Apr-2024 15:30:52.181 정보 [main] org.apache.coyote.AbstractProtocol.start 프로토콜 핸들러 ["http-nio-8084"]을(를) 시작합니다.
25-Apr-2024 15:30:52.537 정보 [main] org.apache.catalina.startup.Catalina.start Server startup in 1301 ms
25-Apr-2024 15:34:13.468 정보 [Thread-1] org.apache.coyote.AbstractProtocol.pause 프로토콜 핸들러 ["http-nio-8084"]을(를) 일시 정지 중
25-Apr-2024 15:34:13.786 정보 [Thread-1] org.apache.catalina.core.StandardService.stopInternal 서비스 [Catalina]을(를) 중지시킵니다.
25-Apr-2024 15:34:13.800 정보 [Thread-1] org.apache.coyote.AbstractProtocol.stop 프로토콜 핸들러 ["http-nio-8084"]을(를) 중지시킵니다.
25-Apr-2024 15:34:13.812 정보 [Thread-1] org.apache.coyote.AbstractProtocol.destroy 프로토콜 핸들러 ["http-nio-8084"]을(를) 소멸시킵니다.
25-Apr-2024 15:34:19.904 정보 [main] org.apache.catalina.startup.VersionLoggerListener.log 서버 버전 이름:    Apache Tomcat/8.5.99
25-Apr-2024 15:34:19.908 정보 [main] org.apache.catalina.startup.VersionLoggerListener.log Server 빌드 시각:  Feb 14 2024 22:52:13 UTC
25-Apr-2024 15:34:19.909 정보 [main] org.apache.catalina.startup.VersionLoggerListener.log Server 버전 번호:  8.5.99.0
25-Apr-2024 15:34:19.909 정보 [main] org.apache.catalina.startup.VersionLoggerListener.log 운영체제 이름:     Windows 11
25-Apr-2024 15:34:19.909 정보 [main] org.apache.catalina.startup.VersionLoggerListener.log 운영체제 버전:     10.0
25-Apr-2024 15:34:19.909 정보 [main] org.apache.catalina.startup.VersionLoggerListener.log 아키텍처:          amd64
25-Apr-2024 15:34:19.909 정보 [main] org.apache.catalina.startup.VersionLoggerListener.log 자바 홈:           C:\Users\geotwo\.jdks\azul-11.0.23
25-Apr-2024 15:34:19.911 정보 [main] org.apache.catalina.startup.VersionLoggerListener.log JVM 버전:          11.0.23+9-LTS
25-Apr-2024 15:34:19.911 정보 [main] org.apache.catalina.startup.VersionLoggerListener.log JVM 벤더:          Azul Systems, Inc.
25-Apr-2024 15:34:19.911 정보 [main] org.apache.catalina.startup.VersionLoggerListener.log CATALINA_BASE:     E:\workspace\jsp_projects\JSP_Board
25-Apr-2024 15:34:19.911 정보 [main] org.apache.catalina.startup.VersionLoggerListener.log CATALINA_HOME:     E:\workspace\apache-tomcat-8.5.99\apache-tomcat-8.5.99
25-Apr-2024 15:34:19.912 정보 [main] org.apache.catalina.startup.VersionLoggerListener.log 명령 행 아규먼트:  --add-opens=java.base/java.lang=ALL-UNNAMED
25-Apr-2024 15:34:19.912 정보 [main] org.apache.catalina.startup.VersionLoggerListener.log 명령 행 아규먼트:  --add-opens=java.base/java.io=ALL-UNNAMED
25-Apr-2024 15:34:19.912 정보 [main] org.apache.catalina.startup.VersionLoggerListener.log 명령 행 아규먼트:  --add-opens=java.base/java.util=ALL-UNNAMED
25-Apr-2024 15:34:19.912 정보 [main] org.apache.catalina.startup.VersionLoggerListener.log 명령 행 아규먼트:  --add-opens=java.base/java.util.concurrent=ALL-UNNAMED
25-Apr-2024 15:34:19.912 정보 [main] org.apache.catalina.startup.VersionLoggerListener.log 명령 행 아규먼트:  --add-opens=java.rmi/sun.rmi.transport=ALL-UNNAMED
25-Apr-2024 15:34:19.912 정보 [main] org.apache.catalina.startup.VersionLoggerListener.log 명령 행 아규먼트:  -Dvisualvm.id=279196874983800
25-Apr-2024 15:34:19.912 정보 [main] org.apache.catalina.startup.VersionLoggerListener.log 명령 행 아규먼트:  -Dcatalina.home=E:\workspace\apache-tomcat-8.5.99\apache-tomcat-8.5.99
25-Apr-2024 15:34:19.913 정보 [main] org.apache.catalina.startup.VersionLoggerListener.log 명령 행 아규먼트:  -Dcatalina.base=E:\workspace\jsp_projects\JSP_Board
25-Apr-2024 15:34:19.913 정보 [main] org.apache.catalina.startup.VersionLoggerListener.log 명령 행 아규먼트:  -Djava.io.tmpdir=E:\workspace\jsp_projects\JSP_Board\temp
25-Apr-2024 15:34:19.914 정보 [main] org.apache.catalina.startup.VersionLoggerListener.log 명령 행 아규먼트:  -Djava.util.logging.config.file=E:\workspace\jsp_projects\JSP_Board\conf\logging.properties
25-Apr-2024 15:34:19.914 정보 [main] org.apache.catalina.startup.VersionLoggerListener.log 명령 행 아규먼트:  -Djava.util.logging.manager=org.apache.juli.ClassLoaderLogManager
25-Apr-2024 15:34:19.914 정보 [main] org.apache.catalina.startup.VersionLoggerListener.log 명령 행 아규먼트:  -javaagent:C:\Program Files\JetBrains\IntelliJ IDEA 2023.1.4\lib\idea_rt.jar=64941:C:\Program Files\JetBrains\IntelliJ IDEA 2023.1.4\bin
25-Apr-2024 15:34:19.914 정보 [main] org.apache.catalina.startup.VersionLoggerListener.log 명령 행 아규먼트:  -Dfile.encoding=UTF-8
25-Apr-2024 15:34:19.914 정보 [main] org.apache.catalina.core.AprLifecycleListener.lifecycleEvent 프로덕션 환경들에서 최적의 성능을 제공하는, APR 기반 Apache Tomcat Native 라이브러리가, 다음 java.library.path에서 발견되지 않습니다: [C:\Users\geotwo\.jdks\azul-11.0.23\bin;C:\WINDOWS\Sun\Java\bin;C:\WINDOWS\system32;C:\WINDOWS;E:\app\geotwo\product\11.2.0\dbhome_1\bin;C:\WINDOWS\system32;C:\WINDOWS;C:\WINDOWS\System32\Wbem;C:\WINDOWS\System32\WindowsPowerShell\v1.0\;C:\WINDOWS\System32\OpenSSH\;C:\Program Files\Bandizip\;E:\workspace\heatmap\maven\apache-maven-3.8.7\bin;C:\Program Files\Java\jdk1.8.0_202\bin;C:\Program Files\Java\jdk1.8.0_202\bin;C:\Program Files\nodejs\;C:\Program Files\dotnet\;C:\Users\geotwo\AppData\Local\Microsoft\WindowsApps;C:\Users\geotwo\AppData\Roaming\npm;;.]
25-Apr-2024 15:34:19.957 정보 [main] org.apache.coyote.AbstractProtocol.init 프로토콜 핸들러 ["http-nio-8084"]을(를) 초기화합니다.
25-Apr-2024 15:34:19.984 정보 [main] org.apache.catalina.startup.Catalina.load Initialization processed in 625 ms
25-Apr-2024 15:34:20.064 정보 [main] org.apache.catalina.core.StandardService.startInternal 서비스 [Catalina]을(를) 시작합니다.
25-Apr-2024 15:34:20.064 정보 [main] org.apache.catalina.core.StandardEngine.startInternal 서버 엔진을 시작합니다: [Apache Tomcat/8.5.99]
25-Apr-2024 15:34:20.091 정보 [localhost-startStop-1] org.apache.catalina.startup.HostConfig.deployDescriptor 배치 descriptor [E:\workspace\jsp_projects\JSP_Board\conf\Catalina\localhost\ROOT.xml]을(를) 배치합니다.
25-Apr-2024 15:34:20.845 경고 [localhost-startStop-1] org.apache.catalina.util.SessionIdGeneratorBase.createSecureRandom [SHA1PRNG] 알고리즘을 사용하여, 세션 ID를 생성하기 위한 SecureRandom 객체를 생성하는데, [394] 밀리초가 소요됐습니다.
25-Apr-2024 15:34:20.863 정보 [localhost-startStop-1] org.apache.catalina.startup.HostConfig.deployDescriptor 배치 descriptor [E:\workspace\jsp_projects\JSP_Board\conf\Catalina\localhost\ROOT.xml]의 배치가 [771] 밀리초 내에 완료되었습니다.
25-Apr-2024 15:34:20.866 정보 [main] org.apache.coyote.AbstractProtocol.start 프로토콜 핸들러 ["http-nio-8084"]을(를) 시작합니다.
25-Apr-2024 15:34:21.211 정보 [main] org.apache.catalina.startup.Catalina.start Server startup in 1227 ms
25-Apr-2024 15:37:30.809 정보 [Thread-1] org.apache.coyote.AbstractProtocol.pause 프로토콜 핸들러 ["http-nio-8084"]을(를) 일시 정지 중
25-Apr-2024 15:37:31.374 정보 [Thread-1] org.apache.catalina.core.StandardService.stopInternal 서비스 [Catalina]을(를) 중지시킵니다.
25-Apr-2024 15:37:31.386 정보 [Thread-1] org.apache.coyote.AbstractProtocol.stop 프로토콜 핸들러 ["http-nio-8084"]을(를) 중지시킵니다.
25-Apr-2024 15:37:31.402 정보 [Thread-1] org.apache.coyote.AbstractProtocol.destroy 프로토콜 핸들러 ["http-nio-8084"]을(를) 소멸시킵니다.
25-Apr-2024 15:38:05.875 정보 [main] org.apache.catalina.startup.VersionLoggerListener.log 서버 버전 이름:    Apache Tomcat/8.5.99
25-Apr-2024 15:38:05.880 정보 [main] org.apache.catalina.startup.VersionLoggerListener.log Server 빌드 시각:  Feb 14 2024 22:52:13 UTC
25-Apr-2024 15:38:05.880 정보 [main] org.apache.catalina.startup.VersionLoggerListener.log Server 버전 번호:  8.5.99.0
25-Apr-2024 15:38:05.881 정보 [main] org.apache.catalina.startup.VersionLoggerListener.log 운영체제 이름:     Windows 11
25-Apr-2024 15:38:05.883 정보 [main] org.apache.catalina.startup.VersionLoggerListener.log 운영체제 버전:     10.0
25-Apr-2024 15:38:05.883 정보 [main] org.apache.catalina.startup.VersionLoggerListener.log 아키텍처:          amd64
25-Apr-2024 15:38:05.883 정보 [main] org.apache.catalina.startup.VersionLoggerListener.log 자바 홈:           C:\Users\geotwo\.jdks\azul-11.0.23
25-Apr-2024 15:38:05.883 정보 [main] org.apache.catalina.startup.VersionLoggerListener.log JVM 버전:          11.0.23+9-LTS
25-Apr-2024 15:38:05.883 정보 [main] org.apache.catalina.startup.VersionLoggerListener.log JVM 벤더:          Azul Systems, Inc.
25-Apr-2024 15:38:05.883 정보 [main] org.apache.catalina.startup.VersionLoggerListener.log CATALINA_BASE:     E:\workspace\jsp_projects\JSP_Board
25-Apr-2024 15:38:05.885 정보 [main] org.apache.catalina.startup.VersionLoggerListener.log CATALINA_HOME:     E:\workspace\apache-tomcat-8.5.99\apache-tomcat-8.5.99
25-Apr-2024 15:38:05.886 정보 [main] org.apache.catalina.startup.VersionLoggerListener.log 명령 행 아규먼트:  --add-opens=java.base/java.lang=ALL-UNNAMED
25-Apr-2024 15:38:05.886 정보 [main] org.apache.catalina.startup.VersionLoggerListener.log 명령 행 아규먼트:  --add-opens=java.base/java.io=ALL-UNNAMED
25-Apr-2024 15:38:05.886 정보 [main] org.apache.catalina.startup.VersionLoggerListener.log 명령 행 아규먼트:  --add-opens=java.base/java.util=ALL-UNNAMED
25-Apr-2024 15:38:05.886 정보 [main] org.apache.catalina.startup.VersionLoggerListener.log 명령 행 아규먼트:  --add-opens=java.base/java.util.concurrent=ALL-UNNAMED
25-Apr-2024 15:38:05.886 정보 [main] org.apache.catalina.startup.VersionLoggerListener.log 명령 행 아규먼트:  --add-opens=java.rmi/sun.rmi.transport=ALL-UNNAMED
25-Apr-2024 15:38:05.886 정보 [main] org.apache.catalina.startup.VersionLoggerListener.log 명령 행 아규먼트:  -Dvisualvm.id=279422788040900
25-Apr-2024 15:38:05.886 정보 [main] org.apache.catalina.startup.VersionLoggerListener.log 명령 행 아규먼트:  -Dcatalina.home=E:\workspace\apache-tomcat-8.5.99\apache-tomcat-8.5.99
25-Apr-2024 15:38:05.886 정보 [main] org.apache.catalina.startup.VersionLoggerListener.log 명령 행 아규먼트:  -Dcatalina.base=E:\workspace\jsp_projects\JSP_Board
25-Apr-2024 15:38:05.887 정보 [main] org.apache.catalina.startup.VersionLoggerListener.log 명령 행 아규먼트:  -Djava.io.tmpdir=E:\workspace\jsp_projects\JSP_Board\temp
25-Apr-2024 15:38:05.887 정보 [main] org.apache.catalina.startup.VersionLoggerListener.log 명령 행 아규먼트:  -Djava.util.logging.config.file=E:\workspace\jsp_projects\JSP_Board\conf\logging.properties
25-Apr-2024 15:38:05.887 정보 [main] org.apache.catalina.startup.VersionLoggerListener.log 명령 행 아규먼트:  -Djava.util.logging.manager=org.apache.juli.ClassLoaderLogManager
25-Apr-2024 15:38:05.887 정보 [main] org.apache.catalina.startup.VersionLoggerListener.log 명령 행 아규먼트:  -javaagent:C:\Program Files\JetBrains\IntelliJ IDEA 2023.1.4\lib\idea_rt.jar=49310:C:\Program Files\JetBrains\IntelliJ IDEA 2023.1.4\bin
25-Apr-2024 15:38:05.887 정보 [main] org.apache.catalina.startup.VersionLoggerListener.log 명령 행 아규먼트:  -Dfile.encoding=UTF-8
25-Apr-2024 15:38:05.887 정보 [main] org.apache.catalina.core.AprLifecycleListener.lifecycleEvent 프로덕션 환경들에서 최적의 성능을 제공하는, APR 기반 Apache Tomcat Native 라이브러리가, 다음 java.library.path에서 발견되지 않습니다: [C:\Users\geotwo\.jdks\azul-11.0.23\bin;C:\WINDOWS\Sun\Java\bin;C:\WINDOWS\system32;C:\WINDOWS;E:\app\geotwo\product\11.2.0\dbhome_1\bin;C:\WINDOWS\system32;C:\WINDOWS;C:\WINDOWS\System32\Wbem;C:\WINDOWS\System32\WindowsPowerShell\v1.0\;C:\WINDOWS\System32\OpenSSH\;C:\Program Files\Bandizip\;E:\workspace\heatmap\maven\apache-maven-3.8.7\bin;C:\Program Files\Java\jdk1.8.0_202\bin;C:\Program Files\Java\jdk1.8.0_202\bin;C:\Program Files\nodejs\;C:\Program Files\dotnet\;C:\Users\geotwo\AppData\Local\Microsoft\WindowsApps;C:\Users\geotwo\AppData\Roaming\npm;;.]
25-Apr-2024 15:38:05.935 정보 [main] org.apache.coyote.AbstractProtocol.init 프로토콜 핸들러 ["http-nio-8084"]을(를) 초기화합니다.
25-Apr-2024 15:38:05.956 정보 [main] org.apache.catalina.startup.Catalina.load Initialization processed in 640 ms
25-Apr-2024 15:38:06.096 정보 [main] org.apache.catalina.core.StandardService.startInternal 서비스 [Catalina]을(를) 시작합니다.
25-Apr-2024 15:38:06.096 정보 [main] org.apache.catalina.core.StandardEngine.startInternal 서버 엔진을 시작합니다: [Apache Tomcat/8.5.99]
25-Apr-2024 15:38:06.137 정보 [localhost-startStop-1] org.apache.catalina.startup.HostConfig.deployDescriptor 배치 descriptor [E:\workspace\jsp_projects\JSP_Board\conf\Catalina\localhost\ROOT.xml]을(를) 배치합니다.
25-Apr-2024 15:38:07.803 경고 [localhost-startStop-1] org.apache.catalina.util.SessionIdGeneratorBase.createSecureRandom [SHA1PRNG] 알고리즘을 사용하여, 세션 ID를 생성하기 위한 SecureRandom 객체를 생성하는데, [674] 밀리초가 소요됐습니다.
25-Apr-2024 15:38:07.824 정보 [localhost-startStop-1] org.apache.catalina.startup.HostConfig.deployDescriptor 배치 descriptor [E:\workspace\jsp_projects\JSP_Board\conf\Catalina\localhost\ROOT.xml]의 배치가 [1,687] 밀리초 내에 완료되었습니다.
25-Apr-2024 15:38:07.827 정보 [main] org.apache.coyote.AbstractProtocol.start 프로토콜 핸들러 ["http-nio-8084"]을(를) 시작합니다.
25-Apr-2024 15:38:08.287 정보 [main] org.apache.catalina.startup.Catalina.start Server startup in 2330 ms
25-Apr-2024 15:40:42.778 정보 [Thread-1] org.apache.coyote.AbstractProtocol.pause 프로토콜 핸들러 ["http-nio-8084"]을(를) 일시 정지 중
25-Apr-2024 15:40:43.075 정보 [Thread-1] org.apache.catalina.core.StandardService.stopInternal 서비스 [Catalina]을(를) 중지시킵니다.
25-Apr-2024 15:40:43.093 정보 [Thread-1] org.apache.coyote.AbstractProtocol.stop 프로토콜 핸들러 ["http-nio-8084"]을(를) 중지시킵니다.
25-Apr-2024 15:40:43.113 정보 [Thread-1] org.apache.coyote.AbstractProtocol.destroy 프로토콜 핸들러 ["http-nio-8084"]을(를) 소멸시킵니다.
25-Apr-2024 15:40:46.331 정보 [main] org.apache.catalina.startup.VersionLoggerListener.log 서버 버전 이름:    Apache Tomcat/8.5.99
25-Apr-2024 15:40:46.336 정보 [main] org.apache.catalina.startup.VersionLoggerListener.log Server 빌드 시각:  Feb 14 2024 22:52:13 UTC
25-Apr-2024 15:40:46.337 정보 [main] org.apache.catalina.startup.VersionLoggerListener.log Server 버전 번호:  8.5.99.0
25-Apr-2024 15:40:46.337 정보 [main] org.apache.catalina.startup.VersionLoggerListener.log 운영체제 이름:     Windows 11
25-Apr-2024 15:40:46.337 정보 [main] org.apache.catalina.startup.VersionLoggerListener.log 운영체제 버전:     10.0
25-Apr-2024 15:40:46.337 정보 [main] org.apache.catalina.startup.VersionLoggerListener.log 아키텍처:          amd64
25-Apr-2024 15:40:46.337 정보 [main] org.apache.catalina.startup.VersionLoggerListener.log 자바 홈:           C:\Users\geotwo\.jdks\azul-11.0.23
25-Apr-2024 15:40:46.337 정보 [main] org.apache.catalina.startup.VersionLoggerListener.log JVM 버전:          11.0.23+9-LTS
25-Apr-2024 15:40:46.337 정보 [main] org.apache.catalina.startup.VersionLoggerListener.log JVM 벤더:          Azul Systems, Inc.
25-Apr-2024 15:40:46.337 정보 [main] org.apache.catalina.startup.VersionLoggerListener.log CATALINA_BASE:     E:\workspace\jsp_projects\JSP_Board
25-Apr-2024 15:40:46.337 정보 [main] org.apache.catalina.startup.VersionLoggerListener.log CATALINA_HOME:     E:\workspace\apache-tomcat-8.5.99\apache-tomcat-8.5.99
25-Apr-2024 15:40:46.339 정보 [main] org.apache.catalina.startup.VersionLoggerListener.log 명령 행 아규먼트:  --add-opens=java.base/java.lang=ALL-UNNAMED
25-Apr-2024 15:40:46.340 정보 [main] org.apache.catalina.startup.VersionLoggerListener.log 명령 행 아규먼트:  --add-opens=java.base/java.io=ALL-UNNAMED
25-Apr-2024 15:40:46.340 정보 [main] org.apache.catalina.startup.VersionLoggerListener.log 명령 행 아규먼트:  --add-opens=java.base/java.util=ALL-UNNAMED
25-Apr-2024 15:40:46.340 정보 [main] org.apache.catalina.startup.VersionLoggerListener.log 명령 행 아규먼트:  --add-opens=java.base/java.util.concurrent=ALL-UNNAMED
25-Apr-2024 15:40:46.340 정보 [main] org.apache.catalina.startup.VersionLoggerListener.log 명령 행 아규먼트:  --add-opens=java.rmi/sun.rmi.transport=ALL-UNNAMED
25-Apr-2024 15:40:46.340 정보 [main] org.apache.catalina.startup.VersionLoggerListener.log 명령 행 아규먼트:  -Dvisualvm.id=279583372863200
25-Apr-2024 15:40:46.340 정보 [main] org.apache.catalina.startup.VersionLoggerListener.log 명령 행 아규먼트:  -Dcatalina.home=E:\workspace\apache-tomcat-8.5.99\apache-tomcat-8.5.99
25-Apr-2024 15:40:46.340 정보 [main] org.apache.catalina.startup.VersionLoggerListener.log 명령 행 아규먼트:  -Dcatalina.base=E:\workspace\jsp_projects\JSP_Board
25-Apr-2024 15:40:46.340 정보 [main] org.apache.catalina.startup.VersionLoggerListener.log 명령 행 아규먼트:  -Djava.io.tmpdir=E:\workspace\jsp_projects\JSP_Board\temp
25-Apr-2024 15:40:46.340 정보 [main] org.apache.catalina.startup.VersionLoggerListener.log 명령 행 아규먼트:  -Djava.util.logging.config.file=E:\workspace\jsp_projects\JSP_Board\conf\logging.properties
25-Apr-2024 15:40:46.340 정보 [main] org.apache.catalina.startup.VersionLoggerListener.log 명령 행 아규먼트:  -Djava.util.logging.manager=org.apache.juli.ClassLoaderLogManager
25-Apr-2024 15:40:46.340 정보 [main] org.apache.catalina.startup.VersionLoggerListener.log 명령 행 아규먼트:  -javaagent:C:\Program Files\JetBrains\IntelliJ IDEA 2023.1.4\lib\idea_rt.jar=50167:C:\Program Files\JetBrains\IntelliJ IDEA 2023.1.4\bin
25-Apr-2024 15:40:46.340 정보 [main] org.apache.catalina.startup.VersionLoggerListener.log 명령 행 아규먼트:  -Dfile.encoding=UTF-8
25-Apr-2024 15:40:46.340 정보 [main] org.apache.catalina.core.AprLifecycleListener.lifecycleEvent 프로덕션 환경들에서 최적의 성능을 제공하는, APR 기반 Apache Tomcat Native 라이브러리가, 다음 java.library.path에서 발견되지 않습니다: [C:\Users\geotwo\.jdks\azul-11.0.23\bin;C:\WINDOWS\Sun\Java\bin;C:\WINDOWS\system32;C:\WINDOWS;E:\app\geotwo\product\11.2.0\dbhome_1\bin;C:\WINDOWS\system32;C:\WINDOWS;C:\WINDOWS\System32\Wbem;C:\WINDOWS\System32\WindowsPowerShell\v1.0\;C:\WINDOWS\System32\OpenSSH\;C:\Program Files\Bandizip\;E:\workspace\heatmap\maven\apache-maven-3.8.7\bin;C:\Program Files\Java\jdk1.8.0_202\bin;C:\Program Files\Java\jdk1.8.0_202\bin;C:\Program Files\nodejs\;C:\Program Files\dotnet\;C:\Users\geotwo\AppData\Local\Microsoft\WindowsApps;C:\Users\geotwo\AppData\Roaming\npm;;.]
25-Apr-2024 15:40:46.387 정보 [main] org.apache.coyote.AbstractProtocol.init 프로토콜 핸들러 ["http-nio-8084"]을(를) 초기화합니다.
25-Apr-2024 15:40:46.408 정보 [main] org.apache.catalina.startup.Catalina.load Initialization processed in 552 ms
25-Apr-2024 15:40:46.480 정보 [main] org.apache.catalina.core.StandardService.startInternal 서비스 [Catalina]을(를) 시작합니다.
25-Apr-2024 15:40:46.481 정보 [main] org.apache.catalina.core.StandardEngine.startInternal 서버 엔진을 시작합니다: [Apache Tomcat/8.5.99]
25-Apr-2024 15:40:46.501 정보 [localhost-startStop-1] org.apache.catalina.startup.HostConfig.deployDescriptor 배치 descriptor [E:\workspace\jsp_projects\JSP_Board\conf\Catalina\localhost\ROOT.xml]을(를) 배치합니다.
25-Apr-2024 15:40:47.670 경고 [localhost-startStop-1] org.apache.catalina.util.SessionIdGeneratorBase.createSecureRandom [SHA1PRNG] 알고리즘을 사용하여, 세션 ID를 생성하기 위한 SecureRandom 객체를 생성하는데, [359] 밀리초가 소요됐습니다.
25-Apr-2024 15:40:47.689 정보 [localhost-startStop-1] org.apache.catalina.startup.HostConfig.deployDescriptor 배치 descriptor [E:\workspace\jsp_projects\JSP_Board\conf\Catalina\localhost\ROOT.xml]의 배치가 [1,187] 밀리초 내에 완료되었습니다.
25-Apr-2024 15:40:47.693 정보 [main] org.apache.coyote.AbstractProtocol.start 프로토콜 핸들러 ["http-nio-8084"]을(를) 시작합니다.
25-Apr-2024 15:40:48.035 정보 [main] org.apache.catalina.startup.Catalina.start Server startup in 1625 ms
25-Apr-2024 15:41:24.064 정보 [Thread-1] org.apache.coyote.AbstractProtocol.pause 프로토콜 핸들러 ["http-nio-8084"]을(를) 일시 정지 중
25-Apr-2024 15:41:24.381 정보 [Thread-1] org.apache.catalina.core.StandardService.stopInternal 서비스 [Catalina]을(를) 중지시킵니다.
25-Apr-2024 15:41:24.392 정보 [Thread-1] org.apache.coyote.AbstractProtocol.stop 프로토콜 핸들러 ["http-nio-8084"]을(를) 중지시킵니다.
25-Apr-2024 15:41:24.418 정보 [Thread-1] org.apache.coyote.AbstractProtocol.destroy 프로토콜 핸들러 ["http-nio-8084"]을(를) 소멸시킵니다.
25-Apr-2024 15:41:27.878 정보 [main] org.apache.catalina.startup.VersionLoggerListener.log 서버 버전 이름:    Apache Tomcat/8.5.99
25-Apr-2024 15:41:27.882 정보 [main] org.apache.catalina.startup.VersionLoggerListener.log Server 빌드 시각:  Feb 14 2024 22:52:13 UTC
25-Apr-2024 15:41:27.884 정보 [main] org.apache.catalina.startup.VersionLoggerListener.log Server 버전 번호:  8.5.99.0
25-Apr-2024 15:41:27.884 정보 [main] org.apache.catalina.startup.VersionLoggerListener.log 운영체제 이름:     Windows 11
25-Apr-2024 15:41:27.884 정보 [main] org.apache.catalina.startup.VersionLoggerListener.log 운영체제 버전:     10.0
25-Apr-2024 15:41:27.884 정보 [main] org.apache.catalina.startup.VersionLoggerListener.log 아키텍처:          amd64
25-Apr-2024 15:41:27.884 정보 [main] org.apache.catalina.startup.VersionLoggerListener.log 자바 홈:           C:\Users\geotwo\.jdks\azul-11.0.23
25-Apr-2024 15:41:27.884 정보 [main] org.apache.catalina.startup.VersionLoggerListener.log JVM 버전:          11.0.23+9-LTS
25-Apr-2024 15:41:27.885 정보 [main] org.apache.catalina.startup.VersionLoggerListener.log JVM 벤더:          Azul Systems, Inc.
25-Apr-2024 15:41:27.885 정보 [main] org.apache.catalina.startup.VersionLoggerListener.log CATALINA_BASE:     E:\workspace\jsp_projects\JSP_Board
25-Apr-2024 15:41:27.885 정보 [main] org.apache.catalina.startup.VersionLoggerListener.log CATALINA_HOME:     E:\workspace\apache-tomcat-8.5.99\apache-tomcat-8.5.99
25-Apr-2024 15:41:27.886 정보 [main] org.apache.catalina.startup.VersionLoggerListener.log 명령 행 아규먼트:  --add-opens=java.base/java.lang=ALL-UNNAMED
25-Apr-2024 15:41:27.886 정보 [main] org.apache.catalina.startup.VersionLoggerListener.log 명령 행 아규먼트:  --add-opens=java.base/java.io=ALL-UNNAMED
25-Apr-2024 15:41:27.886 정보 [main] org.apache.catalina.startup.VersionLoggerListener.log 명령 행 아규먼트:  --add-opens=java.base/java.util=ALL-UNNAMED
25-Apr-2024 15:41:27.886 정보 [main] org.apache.catalina.startup.VersionLoggerListener.log 명령 행 아규먼트:  --add-opens=java.base/java.util.concurrent=ALL-UNNAMED
25-Apr-2024 15:41:27.886 정보 [main] org.apache.catalina.startup.VersionLoggerListener.log 명령 행 아규먼트:  --add-opens=java.rmi/sun.rmi.transport=ALL-UNNAMED
25-Apr-2024 15:41:27.886 정보 [main] org.apache.catalina.startup.VersionLoggerListener.log 명령 행 아규먼트:  -Dvisualvm.id=279624547995399
25-Apr-2024 15:41:27.886 정보 [main] org.apache.catalina.startup.VersionLoggerListener.log 명령 행 아규먼트:  -Dcatalina.home=E:\workspace\apache-tomcat-8.5.99\apache-tomcat-8.5.99
25-Apr-2024 15:41:27.887 정보 [main] org.apache.catalina.startup.VersionLoggerListener.log 명령 행 아규먼트:  -Dcatalina.base=E:\workspace\jsp_projects\JSP_Board
25-Apr-2024 15:41:27.887 정보 [main] org.apache.catalina.startup.VersionLoggerListener.log 명령 행 아규먼트:  -Djava.io.tmpdir=E:\workspace\jsp_projects\JSP_Board\temp
25-Apr-2024 15:41:27.887 정보 [main] org.apache.catalina.startup.VersionLoggerListener.log 명령 행 아규먼트:  -Djava.util.logging.config.file=E:\workspace\jsp_projects\JSP_Board\conf\logging.properties
25-Apr-2024 15:41:27.887 정보 [main] org.apache.catalina.startup.VersionLoggerListener.log 명령 행 아규먼트:  -Djava.util.logging.manager=org.apache.juli.ClassLoaderLogManager
25-Apr-2024 15:41:27.887 정보 [main] org.apache.catalina.startup.VersionLoggerListener.log 명령 행 아규먼트:  -javaagent:C:\Program Files\JetBrains\IntelliJ IDEA 2023.1.4\lib\idea_rt.jar=50340:C:\Program Files\JetBrains\IntelliJ IDEA 2023.1.4\bin
25-Apr-2024 15:41:27.887 정보 [main] org.apache.catalina.startup.VersionLoggerListener.log 명령 행 아규먼트:  -Dfile.encoding=UTF-8
25-Apr-2024 15:41:27.887 정보 [main] org.apache.catalina.core.AprLifecycleListener.lifecycleEvent 프로덕션 환경들에서 최적의 성능을 제공하는, APR 기반 Apache Tomcat Native 라이브러리가, 다음 java.library.path에서 발견되지 않습니다: [C:\Users\geotwo\.jdks\azul-11.0.23\bin;C:\WINDOWS\Sun\Java\bin;C:\WINDOWS\system32;C:\WINDOWS;E:\app\geotwo\product\11.2.0\dbhome_1\bin;C:\WINDOWS\system32;C:\WINDOWS;C:\WINDOWS\System32\Wbem;C:\WINDOWS\System32\WindowsPowerShell\v1.0\;C:\WINDOWS\System32\OpenSSH\;C:\Program Files\Bandizip\;E:\workspace\heatmap\maven\apache-maven-3.8.7\bin;C:\Program Files\Java\jdk1.8.0_202\bin;C:\Program Files\Java\jdk1.8.0_202\bin;C:\Program Files\nodejs\;C:\Program Files\dotnet\;C:\Users\geotwo\AppData\Local\Microsoft\WindowsApps;C:\Users\geotwo\AppData\Roaming\npm;;.]
25-Apr-2024 15:41:27.944 정보 [main] org.apache.coyote.AbstractProtocol.init 프로토콜 핸들러 ["http-nio-8084"]을(를) 초기화합니다.
25-Apr-2024 15:41:27.981 정보 [main] org.apache.catalina.startup.Catalina.load Initialization processed in 839 ms
25-Apr-2024 15:41:28.059 정보 [main] org.apache.catalina.core.StandardService.startInternal 서비스 [Catalina]을(를) 시작합니다.
25-Apr-2024 15:41:28.061 정보 [main] org.apache.catalina.core.StandardEngine.startInternal 서버 엔진을 시작합니다: [Apache Tomcat/8.5.99]
25-Apr-2024 15:41:28.078 정보 [localhost-startStop-1] org.apache.catalina.startup.HostConfig.deployDescriptor 배치 descriptor [E:\workspace\jsp_projects\JSP_Board\conf\Catalina\localhost\ROOT.xml]을(를) 배치합니다.
25-Apr-2024 15:41:29.221 경고 [localhost-startStop-1] org.apache.catalina.util.SessionIdGeneratorBase.createSecureRandom [SHA1PRNG] 알고리즘을 사용하여, 세션 ID를 생성하기 위한 SecureRandom 객체를 생성하는데, [419] 밀리초가 소요됐습니다.
25-Apr-2024 15:41:29.237 정보 [localhost-startStop-1] org.apache.catalina.startup.HostConfig.deployDescriptor 배치 descriptor [E:\workspace\jsp_projects\JSP_Board\conf\Catalina\localhost\ROOT.xml]의 배치가 [1,157] 밀리초 내에 완료되었습니다.
25-Apr-2024 15:41:29.240 정보 [main] org.apache.coyote.AbstractProtocol.start 프로토콜 핸들러 ["http-nio-8084"]을(를) 시작합니다.
25-Apr-2024 15:41:29.633 정보 [main] org.apache.catalina.startup.Catalina.start Server startup in 1651 ms
25-Apr-2024 15:42:48.246 정보 [Thread-1] org.apache.coyote.AbstractProtocol.pause 프로토콜 핸들러 ["http-nio-8084"]을(를) 일시 정지 중
25-Apr-2024 15:42:48.829 정보 [Thread-1] org.apache.catalina.core.StandardService.stopInternal 서비스 [Catalina]을(를) 중지시킵니다.
25-Apr-2024 15:42:48.844 정보 [Thread-1] org.apache.coyote.AbstractProtocol.stop 프로토콜 핸들러 ["http-nio-8084"]을(를) 중지시킵니다.
25-Apr-2024 15:42:48.859 정보 [Thread-1] org.apache.coyote.AbstractProtocol.destroy 프로토콜 핸들러 ["http-nio-8084"]을(를) 소멸시킵니다.
25-Apr-2024 15:42:50.768 정보 [main] org.apache.catalina.startup.VersionLoggerListener.log 서버 버전 이름:    Apache Tomcat/8.5.99
25-Apr-2024 15:42:50.772 정보 [main] org.apache.catalina.startup.VersionLoggerListener.log Server 빌드 시각:  Feb 14 2024 22:52:13 UTC
25-Apr-2024 15:42:50.773 정보 [main] org.apache.catalina.startup.VersionLoggerListener.log Server 버전 번호:  8.5.99.0
25-Apr-2024 15:42:50.773 정보 [main] org.apache.catalina.startup.VersionLoggerListener.log 운영체제 이름:     Windows 11
25-Apr-2024 15:42:50.773 정보 [main] org.apache.catalina.startup.VersionLoggerListener.log 운영체제 버전:     10.0
25-Apr-2024 15:42:50.773 정보 [main] org.apache.catalina.startup.VersionLoggerListener.log 아키텍처:          amd64
25-Apr-2024 15:42:50.773 정보 [main] org.apache.catalina.startup.VersionLoggerListener.log 자바 홈:           C:\Users\geotwo\.jdks\azul-11.0.23
25-Apr-2024 15:42:50.773 정보 [main] org.apache.catalina.startup.VersionLoggerListener.log JVM 버전:          11.0.23+9-LTS
25-Apr-2024 15:42:50.773 정보 [main] org.apache.catalina.startup.VersionLoggerListener.log JVM 벤더:          Azul Systems, Inc.
25-Apr-2024 15:42:50.774 정보 [main] org.apache.catalina.startup.VersionLoggerListener.log CATALINA_BASE:     E:\workspace\jsp_projects\JSP_Board
25-Apr-2024 15:42:50.774 정보 [main] org.apache.catalina.startup.VersionLoggerListener.log CATALINA_HOME:     E:\workspace\apache-tomcat-8.5.99\apache-tomcat-8.5.99
25-Apr-2024 15:42:50.775 정보 [main] org.apache.catalina.startup.VersionLoggerListener.log 명령 행 아규먼트:  --add-opens=java.base/java.lang=ALL-UNNAMED
25-Apr-2024 15:42:50.775 정보 [main] org.apache.catalina.startup.VersionLoggerListener.log 명령 행 아규먼트:  --add-opens=java.base/java.io=ALL-UNNAMED
25-Apr-2024 15:42:50.775 정보 [main] org.apache.catalina.startup.VersionLoggerListener.log 명령 행 아규먼트:  --add-opens=java.base/java.util=ALL-UNNAMED
25-Apr-2024 15:42:50.775 정보 [main] org.apache.catalina.startup.VersionLoggerListener.log 명령 행 아규먼트:  --add-opens=java.base/java.util.concurrent=ALL-UNNAMED
25-Apr-2024 15:42:50.775 정보 [main] org.apache.catalina.startup.VersionLoggerListener.log 명령 행 아규먼트:  --add-opens=java.rmi/sun.rmi.transport=ALL-UNNAMED
25-Apr-2024 15:42:50.775 정보 [main] org.apache.catalina.startup.VersionLoggerListener.log 명령 행 아규먼트:  -Dvisualvm.id=279707808800300
25-Apr-2024 15:42:50.775 정보 [main] org.apache.catalina.startup.VersionLoggerListener.log 명령 행 아규먼트:  -Dfile.encoding=UTF-8
25-Apr-2024 15:42:50.775 정보 [main] org.apache.catalina.startup.VersionLoggerListener.log 명령 행 아규먼트:  -Dcatalina.home=E:\workspace\apache-tomcat-8.5.99\apache-tomcat-8.5.99
25-Apr-2024 15:42:50.775 정보 [main] org.apache.catalina.startup.VersionLoggerListener.log 명령 행 아규먼트:  -Dcatalina.base=E:\workspace\jsp_projects\JSP_Board
25-Apr-2024 15:42:50.775 정보 [main] org.apache.catalina.startup.VersionLoggerListener.log 명령 행 아규먼트:  -Djava.io.tmpdir=E:\workspace\jsp_projects\JSP_Board\temp
25-Apr-2024 15:42:50.775 정보 [main] org.apache.catalina.startup.VersionLoggerListener.log 명령 행 아규먼트:  -Djava.util.logging.config.file=E:\workspace\jsp_projects\JSP_Board\conf\logging.properties
25-Apr-2024 15:42:50.776 정보 [main] org.apache.catalina.startup.VersionLoggerListener.log 명령 행 아규먼트:  -Djava.util.logging.manager=org.apache.juli.ClassLoaderLogManager
25-Apr-2024 15:42:50.776 정보 [main] org.apache.catalina.startup.VersionLoggerListener.log 명령 행 아규먼트:  -javaagent:C:\Program Files\JetBrains\IntelliJ IDEA 2023.1.4\lib\idea_rt.jar=50637:C:\Program Files\JetBrains\IntelliJ IDEA 2023.1.4\bin
25-Apr-2024 15:42:50.776 정보 [main] org.apache.catalina.core.AprLifecycleListener.lifecycleEvent 프로덕션 환경들에서 최적의 성능을 제공하는, APR 기반 Apache Tomcat Native 라이브러리가, 다음 java.library.path에서 발견되지 않습니다: [C:\Users\geotwo\.jdks\azul-11.0.23\bin;C:\WINDOWS\Sun\Java\bin;C:\WINDOWS\system32;C:\WINDOWS;E:\app\geotwo\product\11.2.0\dbhome_1\bin;C:\WINDOWS\system32;C:\WINDOWS;C:\WINDOWS\System32\Wbem;C:\WINDOWS\System32\WindowsPowerShell\v1.0\;C:\WINDOWS\System32\OpenSSH\;C:\Program Files\Bandizip\;E:\workspace\heatmap\maven\apache-maven-3.8.7\bin;C:\Program Files\Java\jdk1.8.0_202\bin;C:\Program Files\Java\jdk1.8.0_202\bin;C:\Program Files\nodejs\;C:\Program Files\dotnet\;C:\Users\geotwo\AppData\Local\Microsoft\WindowsApps;C:\Users\geotwo\AppData\Roaming\npm;;.]
25-Apr-2024 15:42:50.819 정보 [main] org.apache.coyote.AbstractProtocol.init 프로토콜 핸들러 ["http-nio-8084"]을(를) 초기화합니다.
25-Apr-2024 15:42:50.836 정보 [main] org.apache.catalina.startup.Catalina.load Initialization processed in 560 ms
25-Apr-2024 15:42:50.888 정보 [main] org.apache.catalina.core.StandardService.startInternal 서비스 [Catalina]을(를) 시작합니다.
25-Apr-2024 15:42:50.888 정보 [main] org.apache.catalina.core.StandardEngine.startInternal 서버 엔진을 시작합니다: [Apache Tomcat/8.5.99]
25-Apr-2024 15:42:50.900 정보 [localhost-startStop-1] org.apache.catalina.startup.HostConfig.deployDescriptor 배치 descriptor [E:\workspace\jsp_projects\JSP_Board\conf\Catalina\localhost\ROOT.xml]을(를) 배치합니다.
25-Apr-2024 15:42:51.883 경고 [localhost-startStop-1] org.apache.catalina.util.SessionIdGeneratorBase.createSecureRandom [SHA1PRNG] 알고리즘을 사용하여, 세션 ID를 생성하기 위한 SecureRandom 객체를 생성하는데, [312] 밀리초가 소요됐습니다.
25-Apr-2024 15:42:51.897 정보 [localhost-startStop-1] org.apache.catalina.startup.HostConfig.deployDescriptor 배치 descriptor [E:\workspace\jsp_projects\JSP_Board\conf\Catalina\localhost\ROOT.xml]의 배치가 [996] 밀리초 내에 완료되었습니다.
25-Apr-2024 15:42:51.901 정보 [main] org.apache.coyote.AbstractProtocol.start 프로토콜 핸들러 ["http-nio-8084"]을(를) 시작합니다.
25-Apr-2024 15:42:52.205 정보 [main] org.apache.catalina.startup.Catalina.start Server startup in 1367 ms
25-Apr-2024 15:44:59.307 정보 [Thread-1] org.apache.coyote.AbstractProtocol.pause 프로토콜 핸들러 ["http-nio-8084"]을(를) 일시 정지 중
25-Apr-2024 15:44:59.644 정보 [Thread-1] org.apache.catalina.core.StandardService.stopInternal 서비스 [Catalina]을(를) 중지시킵니다.
25-Apr-2024 15:44:59.657 정보 [Thread-1] org.apache.coyote.AbstractProtocol.stop 프로토콜 핸들러 ["http-nio-8084"]을(를) 중지시킵니다.
25-Apr-2024 15:44:59.675 정보 [Thread-1] org.apache.coyote.AbstractProtocol.destroy 프로토콜 핸들러 ["http-nio-8084"]을(를) 소멸시킵니다.
25-Apr-2024 15:46:02.711 정보 [main] org.apache.catalina.startup.VersionLoggerListener.log 서버 버전 이름:    Apache Tomcat/8.5.99
25-Apr-2024 15:46:02.717 정보 [main] org.apache.catalina.startup.VersionLoggerListener.log Server 빌드 시각:  Feb 14 2024 22:52:13 UTC
25-Apr-2024 15:46:02.718 정보 [main] org.apache.catalina.startup.VersionLoggerListener.log Server 버전 번호:  8.5.99.0
25-Apr-2024 15:46:02.718 정보 [main] org.apache.catalina.startup.VersionLoggerListener.log 운영체제 이름:     Windows 11
25-Apr-2024 15:46:02.718 정보 [main] org.apache.catalina.startup.VersionLoggerListener.log 운영체제 버전:     10.0
25-Apr-2024 15:46:02.718 정보 [main] org.apache.catalina.startup.VersionLoggerListener.log 아키텍처:          amd64
25-Apr-2024 15:46:02.718 정보 [main] org.apache.catalina.startup.VersionLoggerListener.log 자바 홈:           C:\Users\geotwo\.jdks\azul-11.0.23
25-Apr-2024 15:46:02.718 정보 [main] org.apache.catalina.startup.VersionLoggerListener.log JVM 버전:          11.0.23+9-LTS
25-Apr-2024 15:46:02.719 정보 [main] org.apache.catalina.startup.VersionLoggerListener.log JVM 벤더:          Azul Systems, Inc.
25-Apr-2024 15:46:02.719 정보 [main] org.apache.catalina.startup.VersionLoggerListener.log CATALINA_BASE:     E:\workspace\jsp_projects\JSP_Board
25-Apr-2024 15:46:02.719 정보 [main] org.apache.catalina.startup.VersionLoggerListener.log CATALINA_HOME:     E:\workspace\apache-tomcat-8.5.99\apache-tomcat-8.5.99
25-Apr-2024 15:46:02.720 정보 [main] org.apache.catalina.startup.VersionLoggerListener.log 명령 행 아규먼트:  --add-opens=java.base/java.lang=ALL-UNNAMED
25-Apr-2024 15:46:02.720 정보 [main] org.apache.catalina.startup.VersionLoggerListener.log 명령 행 아규먼트:  --add-opens=java.base/java.io=ALL-UNNAMED
25-Apr-2024 15:46:02.720 정보 [main] org.apache.catalina.startup.VersionLoggerListener.log 명령 행 아규먼트:  --add-opens=java.base/java.util=ALL-UNNAMED
25-Apr-2024 15:46:02.720 정보 [main] org.apache.catalina.startup.VersionLoggerListener.log 명령 행 아규먼트:  --add-opens=java.base/java.util.concurrent=ALL-UNNAMED
25-Apr-2024 15:46:02.720 정보 [main] org.apache.catalina.startup.VersionLoggerListener.log 명령 행 아규먼트:  --add-opens=java.rmi/sun.rmi.transport=ALL-UNNAMED
25-Apr-2024 15:46:02.721 정보 [main] org.apache.catalina.startup.VersionLoggerListener.log 명령 행 아규먼트:  -Dvisualvm.id=279899826083100
25-Apr-2024 15:46:02.721 정보 [main] org.apache.catalina.startup.VersionLoggerListener.log 명령 행 아규먼트:  -Dfile.encoding=UTF-8
25-Apr-2024 15:46:02.721 정보 [main] org.apache.catalina.startup.VersionLoggerListener.log 명령 행 아규먼트:  -Dcatalina.home=E:\workspace\apache-tomcat-8.5.99\apache-tomcat-8.5.99
25-Apr-2024 15:46:02.721 정보 [main] org.apache.catalina.startup.VersionLoggerListener.log 명령 행 아규먼트:  -Dcatalina.base=E:\workspace\jsp_projects\JSP_Board
25-Apr-2024 15:46:02.721 정보 [main] org.apache.catalina.startup.VersionLoggerListener.log 명령 행 아규먼트:  -Djava.io.tmpdir=E:\workspace\jsp_projects\JSP_Board\temp
25-Apr-2024 15:46:02.721 정보 [main] org.apache.catalina.startup.VersionLoggerListener.log 명령 행 아규먼트:  -Djava.util.logging.config.file=E:\workspace\jsp_projects\JSP_Board\conf\logging.properties
25-Apr-2024 15:46:02.721 정보 [main] org.apache.catalina.startup.VersionLoggerListener.log 명령 행 아규먼트:  -Djava.util.logging.manager=org.apache.juli.ClassLoaderLogManager
25-Apr-2024 15:46:02.721 정보 [main] org.apache.catalina.startup.VersionLoggerListener.log 명령 행 아규먼트:  -javaagent:C:\Program Files\JetBrains\IntelliJ IDEA 2023.1.4\lib\idea_rt.jar=51249:C:\Program Files\JetBrains\IntelliJ IDEA 2023.1.4\bin
25-Apr-2024 15:46:02.721 정보 [main] org.apache.catalina.core.AprLifecycleListener.lifecycleEvent 프로덕션 환경들에서 최적의 성능을 제공하는, APR 기반 Apache Tomcat Native 라이브러리가, 다음 java.library.path에서 발견되지 않습니다: [C:\Users\geotwo\.jdks\azul-11.0.23\bin;C:\WINDOWS\Sun\Java\bin;C:\WINDOWS\system32;C:\WINDOWS;E:\app\geotwo\product\11.2.0\dbhome_1\bin;C:\WINDOWS\system32;C:\WINDOWS;C:\WINDOWS\System32\Wbem;C:\WINDOWS\System32\WindowsPowerShell\v1.0\;C:\WINDOWS\System32\OpenSSH\;C:\Program Files\Bandizip\;E:\workspace\heatmap\maven\apache-maven-3.8.7\bin;C:\Program Files\Java\jdk1.8.0_202\bin;C:\Program Files\Java\jdk1.8.0_202\bin;C:\Program Files\nodejs\;C:\Program Files\dotnet\;C:\Users\geotwo\AppData\Local\Microsoft\WindowsApps;C:\Users\geotwo\AppData\Roaming\npm;;.]
25-Apr-2024 15:46:02.761 정보 [main] org.apache.coyote.AbstractProtocol.init 프로토콜 핸들러 ["http-nio-8084"]을(를) 초기화합니다.
25-Apr-2024 15:46:02.779 정보 [main] org.apache.catalina.startup.Catalina.load Initialization processed in 475 ms
25-Apr-2024 15:46:02.833 정보 [main] org.apache.catalina.core.StandardService.startInternal 서비스 [Catalina]을(를) 시작합니다.
25-Apr-2024 15:46:02.833 정보 [main] org.apache.catalina.core.StandardEngine.startInternal 서버 엔진을 시작합니다: [Apache Tomcat/8.5.99]
25-Apr-2024 15:46:02.844 정보 [localhost-startStop-1] org.apache.catalina.startup.HostConfig.deployDescriptor 배치 descriptor [E:\workspace\jsp_projects\JSP_Board\conf\Catalina\localhost\ROOT.xml]을(를) 배치합니다.
25-Apr-2024 15:46:03.794 경고 [localhost-startStop-1] org.apache.catalina.util.SessionIdGeneratorBase.createSecureRandom [SHA1PRNG] 알고리즘을 사용하여, 세션 ID를 생성하기 위한 SecureRandom 객체를 생성하는데, [320] 밀리초가 소요됐습니다.
25-Apr-2024 15:46:03.811 정보 [localhost-startStop-1] org.apache.catalina.startup.HostConfig.deployDescriptor 배치 descriptor [E:\workspace\jsp_projects\JSP_Board\conf\Catalina\localhost\ROOT.xml]의 배치가 [967] 밀리초 내에 완료되었습니다.
25-Apr-2024 15:46:03.815 정보 [main] org.apache.coyote.AbstractProtocol.start 프로토콜 핸들러 ["http-nio-8084"]을(를) 시작합니다.
25-Apr-2024 15:46:04.222 정보 [main] org.apache.catalina.startup.Catalina.start Server startup in 1443 ms
25-Apr-2024 15:46:22.632 정보 [Thread-1] org.apache.coyote.AbstractProtocol.pause 프로토콜 핸들러 ["http-nio-8084"]을(를) 일시 정지 중
25-Apr-2024 15:46:22.897 정보 [Thread-1] org.apache.catalina.core.StandardService.stopInternal 서비스 [Catalina]을(를) 중지시킵니다.
25-Apr-2024 15:46:22.913 정보 [Thread-1] org.apache.coyote.AbstractProtocol.stop 프로토콜 핸들러 ["http-nio-8084"]을(를) 중지시킵니다.
25-Apr-2024 15:46:22.930 정보 [Thread-1] org.apache.coyote.AbstractProtocol.destroy 프로토콜 핸들러 ["http-nio-8084"]을(를) 소멸시킵니다.
25-Apr-2024 15:46:24.466 정보 [main] org.apache.catalina.startup.VersionLoggerListener.log 서버 버전 이름:    Apache Tomcat/8.5.99
25-Apr-2024 15:46:24.472 정보 [main] org.apache.catalina.startup.VersionLoggerListener.log Server 빌드 시각:  Feb 14 2024 22:52:13 UTC
25-Apr-2024 15:46:24.473 정보 [main] org.apache.catalina.startup.VersionLoggerListener.log Server 버전 번호:  8.5.99.0
25-Apr-2024 15:46:24.473 정보 [main] org.apache.catalina.startup.VersionLoggerListener.log 운영체제 이름:     Windows 11
25-Apr-2024 15:46:24.473 정보 [main] org.apache.catalina.startup.VersionLoggerListener.log 운영체제 버전:     10.0
25-Apr-2024 15:46:24.474 정보 [main] org.apache.catalina.startup.VersionLoggerListener.log 아키텍처:          amd64
25-Apr-2024 15:46:24.474 정보 [main] org.apache.catalina.startup.VersionLoggerListener.log 자바 홈:           C:\Users\geotwo\.jdks\azul-11.0.23
25-Apr-2024 15:46:24.474 정보 [main] org.apache.catalina.startup.VersionLoggerListener.log JVM 버전:          11.0.23+9-LTS
25-Apr-2024 15:46:24.475 정보 [main] org.apache.catalina.startup.VersionLoggerListener.log JVM 벤더:          Azul Systems, Inc.
25-Apr-2024 15:46:24.475 정보 [main] org.apache.catalina.startup.VersionLoggerListener.log CATALINA_BASE:     E:\workspace\jsp_projects\JSP_Board
25-Apr-2024 15:46:24.475 정보 [main] org.apache.catalina.startup.VersionLoggerListener.log CATALINA_HOME:     E:\workspace\apache-tomcat-8.5.99\apache-tomcat-8.5.99
25-Apr-2024 15:46:24.475 정보 [main] org.apache.catalina.startup.VersionLoggerListener.log 명령 행 아규먼트:  --add-opens=java.base/java.lang=ALL-UNNAMED
25-Apr-2024 15:46:24.476 정보 [main] org.apache.catalina.startup.VersionLoggerListener.log 명령 행 아규먼트:  --add-opens=java.base/java.io=ALL-UNNAMED
25-Apr-2024 15:46:24.476 정보 [main] org.apache.catalina.startup.VersionLoggerListener.log 명령 행 아규먼트:  --add-opens=java.base/java.util=ALL-UNNAMED
25-Apr-2024 15:46:24.476 정보 [main] org.apache.catalina.startup.VersionLoggerListener.log 명령 행 아규먼트:  --add-opens=java.base/java.util.concurrent=ALL-UNNAMED
25-Apr-2024 15:46:24.477 정보 [main] org.apache.catalina.startup.VersionLoggerListener.log 명령 행 아규먼트:  --add-opens=java.rmi/sun.rmi.transport=ALL-UNNAMED
25-Apr-2024 15:46:24.477 정보 [main] org.apache.catalina.startup.VersionLoggerListener.log 명령 행 아규먼트:  -Dvisualvm.id=279921568680300
25-Apr-2024 15:46:24.477 정보 [main] org.apache.catalina.startup.VersionLoggerListener.log 명령 행 아규먼트:  -Dfile.encoding=UTF-8
25-Apr-2024 15:46:24.477 정보 [main] org.apache.catalina.startup.VersionLoggerListener.log 명령 행 아규먼트:  -Dcatalina.home=E:\workspace\apache-tomcat-8.5.99\apache-tomcat-8.5.99
25-Apr-2024 15:46:24.477 정보 [main] org.apache.catalina.startup.VersionLoggerListener.log 명령 행 아규먼트:  -Dcatalina.base=E:\workspace\jsp_projects\JSP_Board
25-Apr-2024 15:46:24.477 정보 [main] org.apache.catalina.startup.VersionLoggerListener.log 명령 행 아규먼트:  -Djava.io.tmpdir=E:\workspace\jsp_projects\JSP_Board\temp
25-Apr-2024 15:46:24.477 정보 [main] org.apache.catalina.startup.VersionLoggerListener.log 명령 행 아규먼트:  -Djava.util.logging.config.file=E:\workspace\jsp_projects\JSP_Board\conf\logging.properties
25-Apr-2024 15:46:24.478 정보 [main] org.apache.catalina.startup.VersionLoggerListener.log 명령 행 아규먼트:  -Djava.util.logging.manager=org.apache.juli.ClassLoaderLogManager
25-Apr-2024 15:46:24.478 정보 [main] org.apache.catalina.startup.VersionLoggerListener.log 명령 행 아규먼트:  -javaagent:C:\Program Files\JetBrains\IntelliJ IDEA 2023.1.4\lib\idea_rt.jar=51280:C:\Program Files\JetBrains\IntelliJ IDEA 2023.1.4\bin
25-Apr-2024 15:46:24.478 정보 [main] org.apache.catalina.core.AprLifecycleListener.lifecycleEvent 프로덕션 환경들에서 최적의 성능을 제공하는, APR 기반 Apache Tomcat Native 라이브러리가, 다음 java.library.path에서 발견되지 않습니다: [C:\Users\geotwo\.jdks\azul-11.0.23\bin;C:\WINDOWS\Sun\Java\bin;C:\WINDOWS\system32;C:\WINDOWS;E:\app\geotwo\product\11.2.0\dbhome_1\bin;C:\WINDOWS\system32;C:\WINDOWS;C:\WINDOWS\System32\Wbem;C:\WINDOWS\System32\WindowsPowerShell\v1.0\;C:\WINDOWS\System32\OpenSSH\;C:\Program Files\Bandizip\;E:\workspace\heatmap\maven\apache-maven-3.8.7\bin;C:\Program Files\Java\jdk1.8.0_202\bin;C:\Program Files\Java\jdk1.8.0_202\bin;C:\Program Files\nodejs\;C:\Program Files\dotnet\;C:\Users\geotwo\AppData\Local\Microsoft\WindowsApps;C:\Users\geotwo\AppData\Roaming\npm;;.]
25-Apr-2024 15:46:24.518 정보 [main] org.apache.coyote.AbstractProtocol.init 프로토콜 핸들러 ["http-nio-8084"]을(를) 초기화합니다.
25-Apr-2024 15:46:24.539 정보 [main] org.apache.catalina.startup.Catalina.load Initialization processed in 519 ms
25-Apr-2024 15:46:24.608 정보 [main] org.apache.catalina.core.StandardService.startInternal 서비스 [Catalina]을(를) 시작합니다.
25-Apr-2024 15:46:24.608 정보 [main] org.apache.catalina.core.StandardEngine.startInternal 서버 엔진을 시작합니다: [Apache Tomcat/8.5.99]
25-Apr-2024 15:46:24.629 정보 [localhost-startStop-1] org.apache.catalina.startup.HostConfig.deployDescriptor 배치 descriptor [E:\workspace\jsp_projects\JSP_Board\conf\Catalina\localhost\ROOT.xml]을(를) 배치합니다.
25-Apr-2024 15:46:25.672 경고 [localhost-startStop-1] org.apache.catalina.util.SessionIdGeneratorBase.createSecureRandom [SHA1PRNG] 알고리즘을 사용하여, 세션 ID를 생성하기 위한 SecureRandom 객체를 생성하는데, [305] 밀리초가 소요됐습니다.
25-Apr-2024 15:46:25.689 정보 [localhost-startStop-1] org.apache.catalina.startup.HostConfig.deployDescriptor 배치 descriptor [E:\workspace\jsp_projects\JSP_Board\conf\Catalina\localhost\ROOT.xml]의 배치가 [1,061] 밀리초 내에 완료되었습니다.
25-Apr-2024 15:46:25.694 정보 [main] org.apache.coyote.AbstractProtocol.start 프로토콜 핸들러 ["http-nio-8084"]을(를) 시작합니다.
25-Apr-2024 15:46:26.002 정보 [main] org.apache.catalina.startup.Catalina.start Server startup in 1461 ms
25-Apr-2024 16:07:46.559 蹂 [main] org.apache.catalina.startup.VersionLoggerListener.log 踰 踰 대:    Apache Tomcat/10.1.23
25-Apr-2024 16:07:46.565 蹂 [main] org.apache.catalina.startup.VersionLoggerListener.log Server 鍮 媛:  Apr 16 2024 12:17:18 UTC
25-Apr-2024 16:07:46.565 蹂 [main] org.apache.catalina.startup.VersionLoggerListener.log Server 踰 踰:  10.1.23.0
25-Apr-2024 16:07:46.565 蹂 [main] org.apache.catalina.startup.VersionLoggerListener.log 댁泥댁 대:     Windows 11
25-Apr-2024 16:07:46.565 蹂 [main] org.apache.catalina.startup.VersionLoggerListener.log 댁泥댁 踰:     10.0
25-Apr-2024 16:07:46.565 蹂 [main] org.apache.catalina.startup.VersionLoggerListener.log ㅽ泥:          amd64
25-Apr-2024 16:07:46.565 蹂 [main] org.apache.catalina.startup.VersionLoggerListener.log 諛 :           C:\Users\geotwo\.jdks\azul-11.0.23
25-Apr-2024 16:07:46.565 蹂 [main] org.apache.catalina.startup.VersionLoggerListener.log JVM 踰:          11.0.23+9-LTS
25-Apr-2024 16:07:46.565 蹂 [main] org.apache.catalina.startup.VersionLoggerListener.log JVM 踰ㅻ:          Azul Systems, Inc.
25-Apr-2024 16:07:46.566 蹂 [main] org.apache.catalina.startup.VersionLoggerListener.log CATALINA_BASE:     E:\workspace\jsp_projects\JSP_Board
25-Apr-2024 16:07:46.566 蹂 [main] org.apache.catalina.startup.VersionLoggerListener.log CATALINA_HOME:     E:\workspace\jsp_projects\apache-tomcat-10.1.23
25-Apr-2024 16:07:46.575 蹂 [main] org.apache.catalina.startup.VersionLoggerListener.log 紐  洹癒쇳:  --add-opens=java.base/java.lang=ALL-UNNAMED
25-Apr-2024 16:07:46.575 蹂 [main] org.apache.catalina.startup.VersionLoggerListener.log 紐  洹癒쇳:  --add-opens=java.base/java.io=ALL-UNNAMED
25-Apr-2024 16:07:46.575 蹂 [main] org.apache.catalina.startup.VersionLoggerListener.log 紐  洹癒쇳:  --add-opens=java.base/java.util=ALL-UNNAMED
25-Apr-2024 16:07:46.575 蹂 [main] org.apache.catalina.startup.VersionLoggerListener.log 紐  洹癒쇳:  --add-opens=java.base/java.util.concurrent=ALL-UNNAMED
25-Apr-2024 16:07:46.576 蹂 [main] org.apache.catalina.startup.VersionLoggerListener.log 紐  洹癒쇳:  --add-opens=java.rmi/sun.rmi.transport=ALL-UNNAMED
25-Apr-2024 16:07:46.576 蹂 [main] org.apache.catalina.startup.VersionLoggerListener.log 紐  洹癒쇳:  -Dvisualvm.id=281203748566699
25-Apr-2024 16:07:46.576 蹂 [main] org.apache.catalina.startup.VersionLoggerListener.log 紐  洹癒쇳:  -Dcatalina.home=E:\workspace\jsp_projects\apache-tomcat-10.1.23
25-Apr-2024 16:07:46.576 蹂 [main] org.apache.catalina.startup.VersionLoggerListener.log 紐  洹癒쇳:  -Dcatalina.base=E:\workspace\jsp_projects\JSP_Board
25-Apr-2024 16:07:46.576 蹂 [main] org.apache.catalina.startup.VersionLoggerListener.log 紐  洹癒쇳:  -Djava.io.tmpdir=E:\workspace\jsp_projects\JSP_Board\temp
25-Apr-2024 16:07:46.576 蹂 [main] org.apache.catalina.startup.VersionLoggerListener.log 紐  洹癒쇳:  -Djava.util.logging.config.file=E:\workspace\jsp_projects\JSP_Board\conf\logging.properties
25-Apr-2024 16:07:46.576 蹂 [main] org.apache.catalina.startup.VersionLoggerListener.log 紐  洹癒쇳:  -Djava.util.logging.manager=org.apache.juli.ClassLoaderLogManager
25-Apr-2024 16:07:46.576 蹂 [main] org.apache.catalina.startup.VersionLoggerListener.log 紐  洹癒쇳:  -javaagent:C:\Program Files\JetBrains\IntelliJ IDEA 2023.1.4\lib\idea_rt.jar=55567:C:\Program Files\JetBrains\IntelliJ IDEA 2023.1.4\bin
25-Apr-2024 16:07:46.576 蹂 [main] org.apache.catalina.startup.VersionLoggerListener.log 紐  洹癒쇳:  -Dfile.encoding=UTF-8
25-Apr-2024 16:07:46.580 蹂 [main] org.apache.catalina.core.AprLifecycleListener.lifecycleEvent APR 踰 [1.7.4](瑜) ъ⑺, APR 湲곕 Apache Tomcat Native 쇱대щ━ [2.0.7](瑜) 濡듬.
25-Apr-2024 16:07:46.599 蹂 [main] org.apache.catalina.core.AprLifecycleListener.initializeSSL OpenSSL 깃났쇰 珥湲고듬: [OpenSSL 3.0.13 30 Jan 2024]
25-Apr-2024 16:07:46.843 蹂 [main] org.apache.coyote.AbstractProtocol.init 濡肄 몃ㅻ ["http-nio-8080"](瑜) 珥湲고⑸.
25-Apr-2024 16:07:46.869 蹂 [main] org.apache.catalina.startup.Catalina.load [568] 諛由ъ 댁 踰媛 珥湲고듬.
25-Apr-2024 16:07:46.931 蹂 [main] org.apache.catalina.core.StandardService.startInternal 鍮 [Catalina](瑜) ⑸.
25-Apr-2024 16:07:46.931 蹂 [main] org.apache.catalina.core.StandardEngine.startInternal 踰 吏 ⑸: [Apache Tomcat/10.1.23]
25-Apr-2024 16:07:46.957 蹂 [main] org.apache.catalina.startup.HostConfig.deployDescriptor 諛곗 descriptor [E:\workspace\jsp_projects\JSP_Board\conf\Catalina\localhost\ROOT.xml](瑜) 諛곗⑸.
25-Apr-2024 16:07:48.137 寃쎄 [main] org.apache.catalina.util.SessionIdGeneratorBase.createSecureRandom [SHA1PRNG] 怨由ъ ъ⑺, 몄 ID瑜 깊湲  SecureRandom 媛泥대 깊, [360] 諛由ъ媛 듬.
25-Apr-2024 16:07:48.170 蹂 [main] org.apache.catalina.startup.HostConfig.deployDescriptor 諛곗 descriptor [E:\workspace\jsp_projects\JSP_Board\conf\Catalina\localhost\ROOT.xml] 諛곗媛 [1,213] 諛由ъ 댁 猷듬.
25-Apr-2024 16:07:48.176 蹂 [main] org.apache.coyote.AbstractProtocol.start 濡肄 몃ㅻ ["http-nio-8080"](瑜) ⑸.
25-Apr-2024 16:07:48.558 蹂 [main] org.apache.catalina.startup.Catalina.start 踰媛 [1689] 諛由ъ 댁 듬.
25-Apr-2024 16:09:39.509 蹂 [Thread-1] org.apache.coyote.AbstractProtocol.pause 濡肄 몃ㅻ ["http-nio-8080"](瑜) 쇱 吏 以
25-Apr-2024 16:09:39.833 蹂 [Thread-1] org.apache.catalina.core.StandardService.stopInternal 鍮 [Catalina](瑜) 以吏듬.
25-Apr-2024 16:09:39.856 蹂 [Thread-1] org.apache.coyote.AbstractProtocol.stop 濡肄 몃ㅻ ["http-nio-8080"](瑜) 以吏듬.
25-Apr-2024 16:09:39.861 蹂 [Thread-1] org.apache.coyote.AbstractProtocol.destroy 濡肄 몃ㅻ ["http-nio-8080"](瑜) 硫몄듬.
25-Apr-2024 16:09:45.869 蹂 [main] org.apache.catalina.startup.VersionLoggerListener.log 踰 踰 대:    Apache Tomcat/10.1.23
25-Apr-2024 16:09:45.874 蹂 [main] org.apache.catalina.startup.VersionLoggerListener.log Server 鍮 媛:  Apr 16 2024 12:17:18 UTC
25-Apr-2024 16:09:45.875 蹂 [main] org.apache.catalina.startup.VersionLoggerListener.log Server 踰 踰:  10.1.23.0
25-Apr-2024 16:09:45.875 蹂 [main] org.apache.catalina.startup.VersionLoggerListener.log 댁泥댁 대:     Windows 11
25-Apr-2024 16:09:45.875 蹂 [main] org.apache.catalina.startup.VersionLoggerListener.log 댁泥댁 踰:     10.0
25-Apr-2024 16:09:45.875 蹂 [main] org.apache.catalina.startup.VersionLoggerListener.log ㅽ泥:          amd64
25-Apr-2024 16:09:45.875 蹂 [main] org.apache.catalina.startup.VersionLoggerListener.log 諛 :           C:\Users\geotwo\.jdks\azul-11.0.23
25-Apr-2024 16:09:45.875 蹂 [main] org.apache.catalina.startup.VersionLoggerListener.log JVM 踰:          11.0.23+9-LTS
25-Apr-2024 16:09:45.875 蹂 [main] org.apache.catalina.startup.VersionLoggerListener.log JVM 踰ㅻ:          Azul Systems, Inc.
25-Apr-2024 16:09:45.876 蹂 [main] org.apache.catalina.startup.VersionLoggerListener.log CATALINA_BASE:     E:\workspace\jsp_projects\JSP_Board
25-Apr-2024 16:09:45.876 蹂 [main] org.apache.catalina.startup.VersionLoggerListener.log CATALINA_HOME:     E:\workspace\jsp_projects\apache-tomcat-10.1.23
25-Apr-2024 16:09:45.891 蹂 [main] org.apache.catalina.startup.VersionLoggerListener.log 紐  洹癒쇳:  --add-opens=java.base/java.lang=ALL-UNNAMED
25-Apr-2024 16:09:45.892 蹂 [main] org.apache.catalina.startup.VersionLoggerListener.log 紐  洹癒쇳:  --add-opens=java.base/java.io=ALL-UNNAMED
25-Apr-2024 16:09:45.892 蹂 [main] org.apache.catalina.startup.VersionLoggerListener.log 紐  洹癒쇳:  --add-opens=java.base/java.util=ALL-UNNAMED
25-Apr-2024 16:09:45.892 蹂 [main] org.apache.catalina.startup.VersionLoggerListener.log 紐  洹癒쇳:  --add-opens=java.base/java.util.concurrent=ALL-UNNAMED
25-Apr-2024 16:09:45.892 蹂 [main] org.apache.catalina.startup.VersionLoggerListener.log 紐  洹癒쇳:  --add-opens=java.rmi/sun.rmi.transport=ALL-UNNAMED
25-Apr-2024 16:09:45.892 蹂 [main] org.apache.catalina.startup.VersionLoggerListener.log 紐  洹癒쇳:  -Dvisualvm.id=281322961962000
25-Apr-2024 16:09:45.892 蹂 [main] org.apache.catalina.startup.VersionLoggerListener.log 紐  洹癒쇳:  -Dcatalina.home=E:\workspace\jsp_projects\apache-tomcat-10.1.23
25-Apr-2024 16:09:45.892 蹂 [main] org.apache.catalina.startup.VersionLoggerListener.log 紐  洹癒쇳:  -Dcatalina.base=E:\workspace\jsp_projects\JSP_Board
25-Apr-2024 16:09:45.892 蹂 [main] org.apache.catalina.startup.VersionLoggerListener.log 紐  洹癒쇳:  -Djava.io.tmpdir=E:\workspace\jsp_projects\JSP_Board\temp
25-Apr-2024 16:09:45.892 蹂 [main] org.apache.catalina.startup.VersionLoggerListener.log 紐  洹癒쇳:  -Djava.util.logging.config.file=E:\workspace\jsp_projects\JSP_Board\conf\logging.properties
25-Apr-2024 16:09:45.892 蹂 [main] org.apache.catalina.startup.VersionLoggerListener.log 紐  洹癒쇳:  -Djava.util.logging.manager=org.apache.juli.ClassLoaderLogManager
25-Apr-2024 16:09:45.892 蹂 [main] org.apache.catalina.startup.VersionLoggerListener.log 紐  洹癒쇳:  -javaagent:C:\Program Files\JetBrains\IntelliJ IDEA 2023.1.4\lib\idea_rt.jar=55757:C:\Program Files\JetBrains\IntelliJ IDEA 2023.1.4\bin
25-Apr-2024 16:09:45.892 蹂 [main] org.apache.catalina.startup.VersionLoggerListener.log 紐  洹癒쇳:  -Dfile.encoding=UTF-8
25-Apr-2024 16:09:45.902 蹂 [main] org.apache.catalina.core.AprLifecycleListener.lifecycleEvent APR 踰 [1.7.4](瑜) ъ⑺, APR 湲곕 Apache Tomcat Native 쇱대щ━ [2.0.7](瑜) 濡듬.
25-Apr-2024 16:09:45.909 蹂 [main] org.apache.catalina.core.AprLifecycleListener.initializeSSL OpenSSL 깃났쇰 珥湲고듬: [OpenSSL 3.0.13 30 Jan 2024]
25-Apr-2024 16:09:46.263 蹂 [main] org.apache.coyote.AbstractProtocol.init 濡肄 몃ㅻ ["http-nio-8080"](瑜) 珥湲고⑸.
25-Apr-2024 16:09:46.288 蹂 [main] org.apache.catalina.startup.Catalina.load [694] 諛由ъ 댁 踰媛 珥湲고듬.
25-Apr-2024 16:09:46.355 蹂 [main] org.apache.catalina.core.StandardService.startInternal 鍮 [Catalina](瑜) ⑸.
25-Apr-2024 16:09:46.355 蹂 [main] org.apache.catalina.core.StandardEngine.startInternal 踰 吏 ⑸: [Apache Tomcat/10.1.23]
25-Apr-2024 16:09:46.372 蹂 [main] org.apache.catalina.startup.HostConfig.deployDescriptor 諛곗 descriptor [E:\workspace\jsp_projects\JSP_Board\conf\Catalina\localhost\ROOT.xml](瑜) 諛곗⑸.
25-Apr-2024 16:09:47.724 寃쎄 [main] org.apache.catalina.util.SessionIdGeneratorBase.createSecureRandom [SHA1PRNG] 怨由ъ ъ⑺, 몄 ID瑜 깊湲  SecureRandom 媛泥대 깊, [374] 諛由ъ媛 듬.
25-Apr-2024 16:09:47.753 蹂 [main] org.apache.catalina.startup.HostConfig.deployDescriptor 諛곗 descriptor [E:\workspace\jsp_projects\JSP_Board\conf\Catalina\localhost\ROOT.xml] 諛곗媛 [1,382] 諛由ъ 댁 猷듬.
25-Apr-2024 16:09:47.758 蹂 [main] org.apache.coyote.AbstractProtocol.start 濡肄 몃ㅻ ["http-nio-8080"](瑜) ⑸.
25-Apr-2024 16:09:48.150 蹂 [main] org.apache.catalina.startup.Catalina.start 踰媛 [1861] 諛由ъ 댁 듬.
25-Apr-2024 16:11:48.541 蹂 [Thread-1] org.apache.coyote.AbstractProtocol.pause 濡肄 몃ㅻ ["http-nio-8080"](瑜) 쇱 吏 以
25-Apr-2024 16:11:48.909 蹂 [Thread-1] org.apache.catalina.core.StandardService.stopInternal 鍮 [Catalina](瑜) 以吏듬.
25-Apr-2024 16:11:48.932 蹂 [Thread-1] org.apache.coyote.AbstractProtocol.stop 濡肄 몃ㅻ ["http-nio-8080"](瑜) 以吏듬.
25-Apr-2024 16:11:48.939 蹂 [Thread-1] org.apache.coyote.AbstractProtocol.destroy 濡肄 몃ㅻ ["http-nio-8080"](瑜) 硫몄듬.
